{"/Users/starkov/STIN_2023/config.js": {"path":"/Users/starkov/STIN_2023/config.js","statementMap":{"0":{"start":{"line":1,"column":15},"end":{"line":1,"column":32}},"1":{"start":{"line":2,"column":0},"end":{"line":2,"column":16}},"2":{"start":{"line":4,"column":0},"end":{"line":8,"column":2}}},"fnMap":{},"branchMap":{},"s":{"0":3,"1":3,"2":3},"f":{},"b":{},"_coverageSchema":"1a1c01bbd47fc00a2c39e90264f33305004495a9","hash":"a566c68e48ef4cd0112a7dd469f4f6e0632a826d"}
,"/Users/starkov/STIN_2023/server.js": {"path":"/Users/starkov/STIN_2023/server.js","statementMap":{"0":{"start":{"line":1,"column":16},"end":{"line":1,"column":34}},"1":{"start":{"line":2,"column":17},"end":{"line":2,"column":36}},"2":{"start":{"line":3,"column":12},"end":{"line":3,"column":21}},"3":{"start":{"line":4,"column":13},"end":{"line":4,"column":28}},"4":{"start":{"line":5,"column":14},"end":{"line":5,"column":30}},"5":{"start":{"line":6,"column":17},"end":{"line":6,"column":51}},"6":{"start":{"line":7,"column":19},"end":{"line":7,"column":43}},"7":{"start":{"line":8,"column":12},"end":{"line":8,"column":33}},"8":{"start":{"line":9,"column":15},"end":{"line":9,"column":36}},"9":{"start":{"line":10,"column":15},"end":{"line":10,"column":43}},"10":{"start":{"line":11,"column":22},"end":{"line":11,"column":41}},"11":{"start":{"line":13,"column":0},"end":{"line":13,"column":49}},"12":{"start":{"line":14,"column":0},"end":{"line":14,"column":24}},"13":{"start":{"line":15,"column":0},"end":{"line":15,"column":24}},"14":{"start":{"line":18,"column":0},"end":{"line":21,"column":42}},"15":{"start":{"line":20,"column":17},"end":{"line":20,"column":49}},"16":{"start":{"line":21,"column":20},"end":{"line":21,"column":40}},"17":{"start":{"line":23,"column":0},"end":{"line":23,"column":16}},"18":{"start":{"line":26,"column":0},"end":{"line":28,"column":3}},"19":{"start":{"line":31,"column":0},"end":{"line":39,"column":4}},"20":{"start":{"line":41,"column":0},"end":{"line":41,"column":21}}},"fnMap":{"0":{"name":"(anonymous_0)","decl":{"start":{"line":20,"column":8},"end":{"line":20,"column":9}},"loc":{"start":{"line":20,"column":17},"end":{"line":20,"column":49}},"line":20},"1":{"name":"(anonymous_1)","decl":{"start":{"line":21,"column":9},"end":{"line":21,"column":10}},"loc":{"start":{"line":21,"column":20},"end":{"line":21,"column":40}},"line":21},"2":{"name":"(anonymous_2)","decl":{"start":{"line":26,"column":37},"end":{"line":26,"column":38}},"loc":{"start":{"line":26,"column":47},"end":{"line":28,"column":1}},"line":26}},"branchMap":{"0":{"loc":{"start":{"line":26,"column":11},"end":{"line":26,"column":35}},"type":"binary-expr","locations":[{"start":{"line":26,"column":11},"end":{"line":26,"column":27}},{"start":{"line":26,"column":31},"end":{"line":26,"column":35}}],"line":26}},"s":{"0":1,"1":1,"2":1,"3":1,"4":1,"5":1,"6":1,"7":1,"8":1,"9":1,"10":1,"11":1,"12":1,"13":1,"14":1,"15":1,"16":0,"17":1,"18":1,"19":1,"20":1},"f":{"0":1,"1":0,"2":1},"b":{"0":[1,0]},"_coverageSchema":"1a1c01bbd47fc00a2c39e90264f33305004495a9","hash":"2cface3ee63813016777c507b382879b50c5ec72"}
,"/Users/starkov/STIN_2023/controllers/controller.js": {"path":"/Users/starkov/STIN_2023/controllers/controller.js","statementMap":{"0":{"start":{"line":1,"column":19},"end":{"line":1,"column":52}},"1":{"start":{"line":2,"column":13},"end":{"line":2,"column":38}},"2":{"start":{"line":3,"column":16},"end":{"line":3,"column":44}},"3":{"start":{"line":4,"column":16},"end":{"line":4,"column":44}},"4":{"start":{"line":5,"column":17},"end":{"line":5,"column":46}},"5":{"start":{"line":6,"column":15},"end":{"line":6,"column":34}},"6":{"start":{"line":7,"column":18},"end":{"line":7,"column":38}},"7":{"start":{"line":8,"column":17},"end":{"line":8,"column":38}},"8":{"start":{"line":9,"column":28},"end":{"line":9,"column":48}},"9":{"start":{"line":10,"column":32},"end":{"line":10,"column":62}},"10":{"start":{"line":11,"column":32},"end":{"line":11,"column":58}},"11":{"start":{"line":13,"column":16},"end":{"line":13,"column":18}},"12":{"start":{"line":16,"column":21},"end":{"line":28,"column":1}},"13":{"start":{"line":17,"column":2},"end":{"line":27,"column":3}},"14":{"start":{"line":18,"column":20},"end":{"line":18,"column":31}},"15":{"start":{"line":19,"column":18},"end":{"line":19,"column":29}},"16":{"start":{"line":20,"column":17},"end":{"line":20,"column":55}},"17":{"start":{"line":21,"column":21},"end":{"line":21,"column":62}},"18":{"start":{"line":22,"column":21},"end":{"line":22,"column":62}},"19":{"start":{"line":23,"column":4},"end":{"line":23,"column":79}},"20":{"start":{"line":25,"column":4},"end":{"line":25,"column":25}},"21":{"start":{"line":26,"column":4},"end":{"line":26,"column":56}},"22":{"start":{"line":31,"column":22},"end":{"line":131,"column":1}},"23":{"start":{"line":32,"column":2},"end":{"line":32,"column":34}},"24":{"start":{"line":33,"column":24},"end":{"line":33,"column":32}},"25":{"start":{"line":35,"column":14},"end":{"line":35,"column":60}},"26":{"start":{"line":37,"column":19},"end":{"line":37,"column":42}},"27":{"start":{"line":38,"column":2},"end":{"line":42,"column":3}},"28":{"start":{"line":40,"column":4},"end":{"line":40,"column":46}},"29":{"start":{"line":41,"column":4},"end":{"line":41,"column":29}},"30":{"start":{"line":44,"column":24},"end":{"line":46,"column":4}},"31":{"start":{"line":45,"column":4},"end":{"line":45,"column":21}},"32":{"start":{"line":49,"column":24},"end":{"line":49,"column":91}},"33":{"start":{"line":52,"column":2},"end":{"line":52,"column":41}},"34":{"start":{"line":55,"column":2},"end":{"line":129,"column":3}},"35":{"start":{"line":57,"column":25},"end":{"line":57,"column":95}},"36":{"start":{"line":59,"column":18},"end":{"line":63,"column":5}},"37":{"start":{"line":66,"column":4},"end":{"line":84,"column":5}},"38":{"start":{"line":67,"column":6},"end":{"line":67,"column":49}},"39":{"start":{"line":68,"column":6},"end":{"line":68,"column":33}},"40":{"start":{"line":69,"column":6},"end":{"line":69,"column":28}},"41":{"start":{"line":71,"column":6},"end":{"line":71,"column":41}},"42":{"start":{"line":74,"column":27},"end":{"line":74,"column":87}},"43":{"start":{"line":76,"column":26},"end":{"line":76,"column":70}},"44":{"start":{"line":77,"column":6},"end":{"line":83,"column":7}},"45":{"start":{"line":78,"column":8},"end":{"line":78,"column":105}},"46":{"start":{"line":79,"column":8},"end":{"line":79,"column":51}},"47":{"start":{"line":81,"column":8},"end":{"line":81,"column":77}},"48":{"start":{"line":82,"column":8},"end":{"line":82,"column":33}},"49":{"start":{"line":87,"column":4},"end":{"line":87,"column":34}},"50":{"start":{"line":88,"column":4},"end":{"line":88,"column":120}},"51":{"start":{"line":89,"column":4},"end":{"line":89,"column":51}},"52":{"start":{"line":93,"column":18},"end":{"line":97,"column":5}},"53":{"start":{"line":98,"column":25},"end":{"line":98,"column":96}},"54":{"start":{"line":99,"column":21},"end":{"line":99,"column":70}},"55":{"start":{"line":101,"column":4},"end":{"line":128,"column":5}},"56":{"start":{"line":102,"column":6},"end":{"line":102,"column":49}},"57":{"start":{"line":103,"column":6},"end":{"line":103,"column":33}},"58":{"start":{"line":104,"column":6},"end":{"line":104,"column":28}},"59":{"start":{"line":105,"column":6},"end":{"line":105,"column":49}},"60":{"start":{"line":106,"column":6},"end":{"line":106,"column":41}},"61":{"start":{"line":107,"column":6},"end":{"line":107,"column":36}},"62":{"start":{"line":109,"column":6},"end":{"line":109,"column":122}},"63":{"start":{"line":112,"column":27},"end":{"line":112,"column":87}},"64":{"start":{"line":113,"column":24},"end":{"line":113,"column":87}},"65":{"start":{"line":114,"column":6},"end":{"line":118,"column":7}},"66":{"start":{"line":115,"column":25},"end":{"line":115,"column":69}},"67":{"start":{"line":116,"column":25},"end":{"line":116,"column":69}},"68":{"start":{"line":117,"column":8},"end":{"line":117,"column":157}},"69":{"start":{"line":119,"column":6},"end":{"line":119,"column":87}},"70":{"start":{"line":120,"column":6},"end":{"line":120,"column":49}},"71":{"start":{"line":121,"column":6},"end":{"line":121,"column":60}},"72":{"start":{"line":122,"column":6},"end":{"line":122,"column":31}},"73":{"start":{"line":123,"column":6},"end":{"line":123,"column":31}},"74":{"start":{"line":124,"column":6},"end":{"line":124,"column":36}},"75":{"start":{"line":126,"column":6},"end":{"line":126,"column":119}},"76":{"start":{"line":127,"column":6},"end":{"line":127,"column":78}},"77":{"start":{"line":130,"column":2},"end":{"line":130,"column":20}},"78":{"start":{"line":135,"column":17},"end":{"line":139,"column":1}},"79":{"start":{"line":136,"column":2},"end":{"line":136,"column":27}},"80":{"start":{"line":137,"column":16},"end":{"line":137,"column":23}},"81":{"start":{"line":138,"column":2},"end":{"line":138,"column":44}},"82":{"start":{"line":142,"column":18},"end":{"line":159,"column":1}},"83":{"start":{"line":143,"column":31},"end":{"line":143,"column":39}},"84":{"start":{"line":144,"column":2},"end":{"line":158,"column":3}},"85":{"start":{"line":145,"column":16},"end":{"line":145,"column":56}},"86":{"start":{"line":146,"column":26},"end":{"line":146,"column":69}},"87":{"start":{"line":147,"column":4},"end":{"line":149,"column":5}},"88":{"start":{"line":148,"column":6},"end":{"line":148,"column":108}},"89":{"start":{"line":150,"column":18},"end":{"line":150,"column":57}},"90":{"start":{"line":151,"column":4},"end":{"line":153,"column":7}},"91":{"start":{"line":155,"column":4},"end":{"line":155,"column":45}},"92":{"start":{"line":157,"column":4},"end":{"line":157,"column":106}},"93":{"start":{"line":162,"column":28},"end":{"line":191,"column":1}},"94":{"start":{"line":163,"column":16},"end":{"line":163,"column":34}},"95":{"start":{"line":166,"column":20},"end":{"line":172,"column":4}},"96":{"start":{"line":174,"column":2},"end":{"line":174,"column":69}},"97":{"start":{"line":177,"column":20},"end":{"line":182,"column":3}},"98":{"start":{"line":183,"column":2},"end":{"line":189,"column":5}},"99":{"start":{"line":184,"column":4},"end":{"line":188,"column":5}},"100":{"start":{"line":185,"column":6},"end":{"line":185,"column":25}},"101":{"start":{"line":187,"column":6},"end":{"line":187,"column":50}},"102":{"start":{"line":190,"column":2},"end":{"line":190,"column":55}},"103":{"start":{"line":194,"column":29},"end":{"line":201,"column":1}},"104":{"start":{"line":195,"column":17},"end":{"line":195,"column":25}},"105":{"start":{"line":196,"column":2},"end":{"line":200,"column":3}},"106":{"start":{"line":197,"column":4},"end":{"line":197,"column":29}},"107":{"start":{"line":199,"column":4},"end":{"line":199,"column":115}},"108":{"start":{"line":204,"column":0},"end":{"line":212,"column":1}}},"fnMap":{"0":{"name":"(anonymous_0)","decl":{"start":{"line":16,"column":21},"end":{"line":16,"column":22}},"loc":{"start":{"line":16,"column":41},"end":{"line":28,"column":1}},"line":16},"1":{"name":"(anonymous_1)","decl":{"start":{"line":31,"column":22},"end":{"line":31,"column":23}},"loc":{"start":{"line":31,"column":42},"end":{"line":131,"column":1}},"line":31},"2":{"name":"(anonymous_2)","decl":{"start":{"line":44,"column":39},"end":{"line":44,"column":40}},"loc":{"start":{"line":44,"column":54},"end":{"line":46,"column":3}},"line":44},"3":{"name":"(anonymous_3)","decl":{"start":{"line":135,"column":17},"end":{"line":135,"column":18}},"loc":{"start":{"line":135,"column":31},"end":{"line":139,"column":1}},"line":135},"4":{"name":"(anonymous_4)","decl":{"start":{"line":142,"column":18},"end":{"line":142,"column":19}},"loc":{"start":{"line":142,"column":38},"end":{"line":159,"column":1}},"line":142},"5":{"name":"(anonymous_5)","decl":{"start":{"line":162,"column":28},"end":{"line":162,"column":29}},"loc":{"start":{"line":162,"column":42},"end":{"line":191,"column":1}},"line":162},"6":{"name":"(anonymous_6)","decl":{"start":{"line":183,"column":36},"end":{"line":183,"column":37}},"loc":{"start":{"line":183,"column":57},"end":{"line":189,"column":3}},"line":183},"7":{"name":"(anonymous_7)","decl":{"start":{"line":194,"column":29},"end":{"line":194,"column":30}},"loc":{"start":{"line":194,"column":49},"end":{"line":201,"column":1}},"line":194}},"branchMap":{"0":{"loc":{"start":{"line":38,"column":2},"end":{"line":42,"column":3}},"type":"if","locations":[{"start":{"line":38,"column":2},"end":{"line":42,"column":3}},{"start":{},"end":{}}],"line":38},"1":{"loc":{"start":{"line":55,"column":2},"end":{"line":129,"column":3}},"type":"if","locations":[{"start":{"line":55,"column":2},"end":{"line":129,"column":3}},{"start":{"line":90,"column":8},"end":{"line":129,"column":3}}],"line":55},"2":{"loc":{"start":{"line":66,"column":4},"end":{"line":84,"column":5}},"type":"if","locations":[{"start":{"line":66,"column":4},"end":{"line":84,"column":5}},{"start":{"line":72,"column":10},"end":{"line":84,"column":5}}],"line":66},"3":{"loc":{"start":{"line":66,"column":8},"end":{"line":66,"column":52}},"type":"binary-expr","locations":[{"start":{"line":66,"column":8},"end":{"line":66,"column":22}},{"start":{"line":66,"column":26},"end":{"line":66,"column":52}}],"line":66},"4":{"loc":{"start":{"line":77,"column":6},"end":{"line":83,"column":7}},"type":"if","locations":[{"start":{"line":77,"column":6},"end":{"line":83,"column":7}},{"start":{},"end":{}}],"line":77},"5":{"loc":{"start":{"line":77,"column":9},"end":{"line":77,"column":88}},"type":"binary-expr","locations":[{"start":{"line":77,"column":9},"end":{"line":77,"column":22}},{"start":{"line":77,"column":26},"end":{"line":77,"column":53}},{"start":{"line":77,"column":57},"end":{"line":77,"column":88}}],"line":77},"6":{"loc":{"start":{"line":101,"column":4},"end":{"line":128,"column":5}},"type":"if","locations":[{"start":{"line":101,"column":4},"end":{"line":128,"column":5}},{"start":{"line":110,"column":10},"end":{"line":128,"column":5}}],"line":101},"7":{"loc":{"start":{"line":101,"column":8},"end":{"line":101,"column":72}},"type":"binary-expr","locations":[{"start":{"line":101,"column":8},"end":{"line":101,"column":34}},{"start":{"line":101,"column":38},"end":{"line":101,"column":72}}],"line":101},"8":{"loc":{"start":{"line":114,"column":6},"end":{"line":118,"column":7}},"type":"if","locations":[{"start":{"line":114,"column":6},"end":{"line":118,"column":7}},{"start":{},"end":{}}],"line":114},"9":{"loc":{"start":{"line":147,"column":4},"end":{"line":149,"column":5}},"type":"if","locations":[{"start":{"line":147,"column":4},"end":{"line":149,"column":5}},{"start":{},"end":{}}],"line":147},"10":{"loc":{"start":{"line":184,"column":4},"end":{"line":188,"column":5}},"type":"if","locations":[{"start":{"line":184,"column":4},"end":{"line":188,"column":5}},{"start":{"line":186,"column":11},"end":{"line":188,"column":5}}],"line":184},"11":{"loc":{"start":{"line":196,"column":2},"end":{"line":200,"column":3}},"type":"if","locations":[{"start":{"line":196,"column":2},"end":{"line":200,"column":3}},{"start":{"line":198,"column":9},"end":{"line":200,"column":3}}],"line":196}},"s":{"0":3,"1":3,"2":3,"3":3,"4":3,"5":3,"6":3,"7":3,"8":3,"9":3,"10":3,"11":3,"12":3,"13":2,"14":2,"15":2,"16":2,"17":0,"18":0,"19":0,"20":2,"21":2,"22":3,"23":2,"24":2,"25":2,"26":2,"27":2,"28":1,"29":1,"30":1,"31":3,"32":1,"33":1,"34":1,"35":1,"36":1,"37":1,"38":1,"39":1,"40":1,"41":1,"42":0,"43":0,"44":0,"45":0,"46":0,"47":0,"48":0,"49":1,"50":1,"51":1,"52":0,"53":0,"54":0,"55":0,"56":0,"57":0,"58":0,"59":0,"60":0,"61":0,"62":0,"63":0,"64":0,"65":0,"66":0,"67":0,"68":0,"69":0,"70":0,"71":0,"72":0,"73":0,"74":0,"75":0,"76":0,"77":1,"78":3,"79":2,"80":2,"81":2,"82":3,"83":2,"84":2,"85":2,"86":2,"87":1,"88":0,"89":1,"90":1,"91":1,"92":1,"93":3,"94":1,"95":1,"96":1,"97":1,"98":1,"99":1,"100":0,"101":1,"102":1,"103":3,"104":1,"105":1,"106":0,"107":1,"108":3},"f":{"0":2,"1":2,"2":3,"3":2,"4":2,"5":1,"6":1,"7":1},"b":{"0":[1,1],"1":[1,0],"2":[1,0],"3":[1,1],"4":[0,0],"5":[0,0,0],"6":[0,0],"7":[0,0],"8":[0,0],"9":[0,1],"10":[0,1],"11":[0,1]},"_coverageSchema":"1a1c01bbd47fc00a2c39e90264f33305004495a9","hash":"9f98c7013a222d2949fe746c85cde1a4c08b5bbb"}
,"/Users/starkov/STIN_2023/helpers/auth.js": {"path":"/Users/starkov/STIN_2023/helpers/auth.js","statementMap":{"0":{"start":{"line":1,"column":12},"end":{"line":1,"column":35}},"1":{"start":{"line":4,"column":28},"end":{"line":10,"column":1}},"2":{"start":{"line":5,"column":18},"end":{"line":8,"column":3}},"3":{"start":{"line":9,"column":2},"end":{"line":9,"column":66}},"4":{"start":{"line":12,"column":0},"end":{"line":14,"column":1}}},"fnMap":{"0":{"name":"(anonymous_0)","decl":{"start":{"line":4,"column":28},"end":{"line":4,"column":29}},"loc":{"start":{"line":4,"column":46},"end":{"line":10,"column":1}},"line":4}},"branchMap":{},"s":{"0":4,"1":4,"2":3,"3":3,"4":4},"f":{"0":3},"b":{},"_coverageSchema":"1a1c01bbd47fc00a2c39e90264f33305004495a9","hash":"1f10317f74debc0d98893918dc241ecbde841625"}
,"/Users/starkov/STIN_2023/helpers/create-path.js": {"path":"/Users/starkov/STIN_2023/helpers/create-path.js","statementMap":{"0":{"start":{"line":1,"column":13},"end":{"line":1,"column":28}},"1":{"start":{"line":3,"column":19},"end":{"line":3,"column":79}},"2":{"start":{"line":3,"column":29},"end":{"line":3,"column":79}},"3":{"start":{"line":5,"column":0},"end":{"line":5,"column":28}}},"fnMap":{"0":{"name":"(anonymous_0)","decl":{"start":{"line":3,"column":19},"end":{"line":3,"column":20}},"loc":{"start":{"line":3,"column":29},"end":{"line":3,"column":79}},"line":3}},"branchMap":{},"s":{"0":3,"1":3,"2":7,"3":3},"f":{"0":7},"b":{},"_coverageSchema":"1a1c01bbd47fc00a2c39e90264f33305004495a9","hash":"c763db81f18585f5f7dd8fe3f4a5afc4199a19af"}
,"/Users/starkov/STIN_2023/helpers/currency.js": {"path":"/Users/starkov/STIN_2023/helpers/currency.js","statementMap":{"0":{"start":{"line":1,"column":14},"end":{"line":1,"column":30}},"1":{"start":{"line":2,"column":17},"end":{"line":2,"column":41}},"2":{"start":{"line":3,"column":22},"end":{"line":3,"column":41}},"3":{"start":{"line":4,"column":17},"end":{"line":4,"column":46}},"4":{"start":{"line":7,"column":16},"end":{"line":7,"column":32}},"5":{"start":{"line":8,"column":20},"end":{"line":8,"column":51}},"6":{"start":{"line":10,"column":15},"end":{"line":10,"column":27}},"7":{"start":{"line":11,"column":16},"end":{"line":11,"column":18}},"8":{"start":{"line":13,"column":2},"end":{"line":25,"column":3}},"9":{"start":{"line":13,"column":15},"end":{"line":13,"column":16}},"10":{"start":{"line":14,"column":17},"end":{"line":14,"column":32}},"11":{"start":{"line":16,"column":4},"end":{"line":18,"column":5}},"12":{"start":{"line":17,"column":6},"end":{"line":17,"column":15}},"13":{"start":{"line":20,"column":17},"end":{"line":20,"column":32}},"14":{"start":{"line":22,"column":4},"end":{"line":24,"column":5}},"15":{"start":{"line":23,"column":6},"end":{"line":23,"column":23}},"16":{"start":{"line":27,"column":2},"end":{"line":30,"column":4}},"17":{"start":{"line":34,"column":52},"end":{"line":34,"column":67}},"18":{"start":{"line":36,"column":2},"end":{"line":38,"column":3}},"19":{"start":{"line":37,"column":4},"end":{"line":37,"column":16}},"20":{"start":{"line":40,"column":2},"end":{"line":44,"column":4}},"21":{"start":{"line":48,"column":2},"end":{"line":55,"column":3}},"22":{"start":{"line":49,"column":18},"end":{"line":49,"column":28}},"23":{"start":{"line":50,"column":21},"end":{"line":50,"column":62}},"24":{"start":{"line":53,"column":4},"end":{"line":53,"column":18}},"25":{"start":{"line":54,"column":4},"end":{"line":54,"column":33}},"26":{"start":{"line":56,"column":25},"end":{"line":56,"column":41}},"27":{"start":{"line":57,"column":19},"end":{"line":57,"column":37}},"28":{"start":{"line":58,"column":20},"end":{"line":58,"column":45}},"29":{"start":{"line":61,"column":2},"end":{"line":68,"column":3}},"30":{"start":{"line":62,"column":31},"end":{"line":62,"column":55}},"31":{"start":{"line":63,"column":23},"end":{"line":63,"column":48}},"32":{"start":{"line":64,"column":4},"end":{"line":67,"column":5}},"33":{"start":{"line":65,"column":6},"end":{"line":65,"column":56}},"34":{"start":{"line":66,"column":6},"end":{"line":66,"column":13}},"35":{"start":{"line":71,"column":2},"end":{"line":74,"column":3}},"36":{"start":{"line":72,"column":4},"end":{"line":72,"column":85}},"37":{"start":{"line":73,"column":4},"end":{"line":73,"column":11}},"38":{"start":{"line":75,"column":24},"end":{"line":75,"column":91}},"39":{"start":{"line":77,"column":2},"end":{"line":102,"column":3}},"40":{"start":{"line":78,"column":21},"end":{"line":78,"column":169}},"41":{"start":{"line":79,"column":40},"end":{"line":79,"column":73}},"42":{"start":{"line":80,"column":4},"end":{"line":83,"column":5}},"43":{"start":{"line":81,"column":6},"end":{"line":81,"column":70}},"44":{"start":{"line":82,"column":6},"end":{"line":82,"column":13}},"45":{"start":{"line":86,"column":4},"end":{"line":89,"column":5}},"46":{"start":{"line":87,"column":6},"end":{"line":87,"column":61}},"47":{"start":{"line":88,"column":6},"end":{"line":88,"column":13}},"48":{"start":{"line":90,"column":25},"end":{"line":90,"column":39}},"49":{"start":{"line":91,"column":4},"end":{"line":91,"column":34}},"50":{"start":{"line":92,"column":23},"end":{"line":97,"column":7}},"51":{"start":{"line":92,"column":49},"end":{"line":97,"column":5}},"52":{"start":{"line":98,"column":4},"end":{"line":98,"column":38}},"53":{"start":{"line":99,"column":4},"end":{"line":99,"column":79}},"54":{"start":{"line":101,"column":4},"end":{"line":101,"column":59}},"55":{"start":{"line":105,"column":0},"end":{"line":109,"column":2}}},"fnMap":{"0":{"name":"parseCurrencyRates","decl":{"start":{"line":6,"column":9},"end":{"line":6,"column":27}},"loc":{"start":{"line":6,"column":34},"end":{"line":31,"column":1}},"line":6},"1":{"name":"parseLine","decl":{"start":{"line":33,"column":9},"end":{"line":33,"column":18}},"loc":{"start":{"line":33,"column":25},"end":{"line":45,"column":1}},"line":33},"2":{"name":"updateCurrencyRates","decl":{"start":{"line":47,"column":15},"end":{"line":47,"column":34}},"loc":{"start":{"line":47,"column":42},"end":{"line":103,"column":1}},"line":47},"3":{"name":"(anonymous_3)","decl":{"start":{"line":92,"column":40},"end":{"line":92,"column":41}},"loc":{"start":{"line":92,"column":49},"end":{"line":97,"column":5}},"line":92}},"branchMap":{"0":{"loc":{"start":{"line":16,"column":4},"end":{"line":18,"column":5}},"type":"if","locations":[{"start":{"line":16,"column":4},"end":{"line":18,"column":5}},{"start":{},"end":{}}],"line":16},"1":{"loc":{"start":{"line":22,"column":4},"end":{"line":24,"column":5}},"type":"if","locations":[{"start":{"line":22,"column":4},"end":{"line":24,"column":5}},{"start":{},"end":{}}],"line":22},"2":{"loc":{"start":{"line":36,"column":2},"end":{"line":38,"column":3}},"type":"if","locations":[{"start":{"line":36,"column":2},"end":{"line":38,"column":3}},{"start":{},"end":{}}],"line":36},"3":{"loc":{"start":{"line":48,"column":2},"end":{"line":55,"column":3}},"type":"if","locations":[{"start":{"line":48,"column":2},"end":{"line":55,"column":3}},{"start":{"line":52,"column":8},"end":{"line":55,"column":3}}],"line":48},"4":{"loc":{"start":{"line":61,"column":2},"end":{"line":68,"column":3}},"type":"if","locations":[{"start":{"line":61,"column":2},"end":{"line":68,"column":3}},{"start":{},"end":{}}],"line":61},"5":{"loc":{"start":{"line":64,"column":4},"end":{"line":67,"column":5}},"type":"if","locations":[{"start":{"line":64,"column":4},"end":{"line":67,"column":5}},{"start":{},"end":{}}],"line":64},"6":{"loc":{"start":{"line":64,"column":8},"end":{"line":64,"column":82}},"type":"binary-expr","locations":[{"start":{"line":64,"column":8},"end":{"line":64,"column":28}},{"start":{"line":64,"column":32},"end":{"line":64,"column":82}}],"line":64},"7":{"loc":{"start":{"line":71,"column":2},"end":{"line":74,"column":3}},"type":"if","locations":[{"start":{"line":71,"column":2},"end":{"line":74,"column":3}},{"start":{},"end":{}}],"line":71},"8":{"loc":{"start":{"line":71,"column":6},"end":{"line":71,"column":33}},"type":"binary-expr","locations":[{"start":{"line":71,"column":6},"end":{"line":71,"column":20}},{"start":{"line":71,"column":24},"end":{"line":71,"column":33}}],"line":71},"9":{"loc":{"start":{"line":80,"column":4},"end":{"line":83,"column":5}},"type":"if","locations":[{"start":{"line":80,"column":4},"end":{"line":83,"column":5}},{"start":{},"end":{}}],"line":80},"10":{"loc":{"start":{"line":86,"column":4},"end":{"line":89,"column":5}},"type":"if","locations":[{"start":{"line":86,"column":4},"end":{"line":89,"column":5}},{"start":{},"end":{}}],"line":86},"11":{"loc":{"start":{"line":86,"column":8},"end":{"line":86,"column":55}},"type":"binary-expr","locations":[{"start":{"line":86,"column":8},"end":{"line":86,"column":23}},{"start":{"line":86,"column":27},"end":{"line":86,"column":55}}],"line":86}},"s":{"0":4,"1":4,"2":4,"3":4,"4":1,"5":1,"6":1,"7":1,"8":1,"9":1,"10":4,"11":4,"12":0,"13":4,"14":4,"15":3,"16":1,"17":6,"18":6,"19":2,"20":4,"21":6,"22":0,"23":0,"24":6,"25":6,"26":6,"27":6,"28":6,"29":6,"30":6,"31":6,"32":6,"33":2,"34":2,"35":4,"36":2,"37":2,"38":2,"39":2,"40":2,"41":0,"42":0,"43":0,"44":0,"45":0,"46":0,"47":0,"48":0,"49":0,"50":0,"51":0,"52":0,"53":0,"54":0,"55":4},"f":{"0":1,"1":6,"2":6,"3":0},"b":{"0":[0,4],"1":[3,1],"2":[2,4],"3":[0,6],"4":[6,0],"5":[2,4],"6":[6,6],"7":[2,2],"8":[4,3],"9":[0,0],"10":[0,0],"11":[0,0]},"_coverageSchema":"1a1c01bbd47fc00a2c39e90264f33305004495a9","hash":"c16d8ba04e2d820b54a17f1eb6ec9c48b46593f4"}
,"/Users/starkov/STIN_2023/middleware/authMiddleware.js": {"path":"/Users/starkov/STIN_2023/middleware/authMiddleware.js","statementMap":{"0":{"start":{"line":1,"column":12},"end":{"line":1,"column":35}},"1":{"start":{"line":10,"column":0},"end":{"line":22,"column":2}},"2":{"start":{"line":11,"column":18},"end":{"line":11,"column":35}},"3":{"start":{"line":12,"column":4},"end":{"line":21,"column":7}},"4":{"start":{"line":13,"column":8},"end":{"line":20,"column":9}},"5":{"start":{"line":14,"column":12},"end":{"line":14,"column":37}},"6":{"start":{"line":15,"column":12},"end":{"line":15,"column":35}},"7":{"start":{"line":18,"column":12},"end":{"line":18,"column":41}},"8":{"start":{"line":19,"column":12},"end":{"line":19,"column":19}}},"fnMap":{"0":{"name":"(anonymous_0)","decl":{"start":{"line":10,"column":17},"end":{"line":10,"column":18}},"loc":{"start":{"line":10,"column":43},"end":{"line":22,"column":1}},"line":10},"1":{"name":"(anonymous_1)","decl":{"start":{"line":12,"column":55},"end":{"line":12,"column":56}},"loc":{"start":{"line":12,"column":83},"end":{"line":21,"column":5}},"line":12}},"branchMap":{"0":{"loc":{"start":{"line":13,"column":8},"end":{"line":20,"column":9}},"type":"if","locations":[{"start":{"line":13,"column":8},"end":{"line":20,"column":9}},{"start":{"line":17,"column":13},"end":{"line":20,"column":9}}],"line":13}},"s":{"0":2,"1":2,"2":2,"3":2,"4":2,"5":1,"6":1,"7":1,"8":1},"f":{"0":2,"1":2},"b":{"0":[1,1]},"_coverageSchema":"1a1c01bbd47fc00a2c39e90264f33305004495a9","hash":"d764bbf7a3a70111449d4c11ad742fe0f0319029"}
,"/Users/starkov/STIN_2023/models/account.js": {"path":"/Users/starkov/STIN_2023/models/account.js","statementMap":{"0":{"start":{"line":1,"column":17},"end":{"line":1,"column":36}},"1":{"start":{"line":3,"column":15},"end":{"line":3,"column":30}},"2":{"start":{"line":5,"column":22},"end":{"line":23,"column":2}},"3":{"start":{"line":25,"column":16},"end":{"line":25,"column":56}},"4":{"start":{"line":27,"column":0},"end":{"line":27,"column":25}}},"fnMap":{},"branchMap":{},"s":{"0":3,"1":3,"2":3,"3":3,"4":3},"f":{},"b":{},"_coverageSchema":"1a1c01bbd47fc00a2c39e90264f33305004495a9","hash":"2cea223d1e68d58220be647c63a0dce43f6621a0"}
,"/Users/starkov/STIN_2023/models/currency.js": {"path":"/Users/starkov/STIN_2023/models/currency.js","statementMap":{"0":{"start":{"line":1,"column":17},"end":{"line":1,"column":36}},"1":{"start":{"line":3,"column":15},"end":{"line":3,"column":30}},"2":{"start":{"line":5,"column":23},"end":{"line":24,"column":2}},"3":{"start":{"line":26,"column":17},"end":{"line":26,"column":59}},"4":{"start":{"line":28,"column":0},"end":{"line":28,"column":26}}},"fnMap":{},"branchMap":{},"s":{"0":4,"1":4,"2":4,"3":4,"4":4},"f":{},"b":{},"_coverageSchema":"1a1c01bbd47fc00a2c39e90264f33305004495a9","hash":"be448c3fae9e661bc1d19ad4b5d335f7c3a8b9e7"}
,"/Users/starkov/STIN_2023/models/payment.js": {"path":"/Users/starkov/STIN_2023/models/payment.js","statementMap":{"0":{"start":{"line":1,"column":17},"end":{"line":1,"column":36}},"1":{"start":{"line":3,"column":15},"end":{"line":3,"column":30}},"2":{"start":{"line":5,"column":22},"end":{"line":34,"column":2}},"3":{"start":{"line":36,"column":16},"end":{"line":36,"column":56}},"4":{"start":{"line":38,"column":0},"end":{"line":38,"column":25}}},"fnMap":{},"branchMap":{},"s":{"0":3,"1":3,"2":3,"3":3,"4":3},"f":{},"b":{},"_coverageSchema":"1a1c01bbd47fc00a2c39e90264f33305004495a9","hash":"be34be5dd73904022c10961a5fb84030a6af6741"}
,"/Users/starkov/STIN_2023/models/user.js": {"path":"/Users/starkov/STIN_2023/models/user.js","statementMap":{"0":{"start":{"line":1,"column":17},"end":{"line":1,"column":36}},"1":{"start":{"line":3,"column":15},"end":{"line":3,"column":30}},"2":{"start":{"line":5,"column":19},"end":{"line":15,"column":2}},"3":{"start":{"line":17,"column":13},"end":{"line":17,"column":47}},"4":{"start":{"line":19,"column":0},"end":{"line":19,"column":22}}},"fnMap":{},"branchMap":{},"s":{"0":3,"1":3,"2":3,"3":3,"4":3},"f":{},"b":{},"_coverageSchema":"1a1c01bbd47fc00a2c39e90264f33305004495a9","hash":"3561bf06bf169d75b7b7d4e8d0e57782cd9c5909"}
,"/Users/starkov/STIN_2023/routes/route.js": {"path":"/Users/starkov/STIN_2023/routes/route.js","statementMap":{"0":{"start":{"line":1,"column":16},"end":{"line":1,"column":34}},"1":{"start":{"line":2,"column":23},"end":{"line":2,"column":62}},"2":{"start":{"line":3,"column":15},"end":{"line":3,"column":31}},"3":{"start":{"line":12,"column":4},"end":{"line":12,"column":40}},"4":{"start":{"line":15,"column":0},"end":{"line":15,"column":46}},"5":{"start":{"line":16,"column":0},"end":{"line":16,"column":48}},"6":{"start":{"line":17,"column":0},"end":{"line":17,"column":31}},"7":{"start":{"line":18,"column":0},"end":{"line":18,"column":33}},"8":{"start":{"line":19,"column":0},"end":{"line":19,"column":69}},"9":{"start":{"line":20,"column":0},"end":{"line":20,"column":71}},"10":{"start":{"line":22,"column":0},"end":{"line":22,"column":24}}},"fnMap":{},"branchMap":{},"s":{"0":1,"1":1,"2":1,"3":1,"4":1,"5":1,"6":1,"7":1,"8":1,"9":1,"10":1},"f":{},"b":{},"_coverageSchema":"1a1c01bbd47fc00a2c39e90264f33305004495a9","hash":"5d39c538ed965d6b70e0c829dd8e72b2c1b34954"}
}
