{"/Users/starkov/STIN_2023/config.js": {"path":"/Users/starkov/STIN_2023/config.js","statementMap":{"0":{"start":{"line":1,"column":15},"end":{"line":1,"column":32}},"1":{"start":{"line":2,"column":0},"end":{"line":2,"column":16}},"2":{"start":{"line":4,"column":0},"end":{"line":8,"column":2}}},"fnMap":{},"branchMap":{},"s":{"0":2,"1":2,"2":2},"f":{},"b":{},"_coverageSchema":"1a1c01bbd47fc00a2c39e90264f33305004495a9","hash":"a566c68e48ef4cd0112a7dd469f4f6e0632a826d"}
,"/Users/starkov/STIN_2023/server.js": {"path":"/Users/starkov/STIN_2023/server.js","statementMap":{"0":{"start":{"line":1,"column":16},"end":{"line":1,"column":34}},"1":{"start":{"line":2,"column":17},"end":{"line":2,"column":36}},"2":{"start":{"line":3,"column":12},"end":{"line":3,"column":21}},"3":{"start":{"line":4,"column":13},"end":{"line":4,"column":28}},"4":{"start":{"line":5,"column":14},"end":{"line":5,"column":30}},"5":{"start":{"line":6,"column":17},"end":{"line":6,"column":51}},"6":{"start":{"line":7,"column":19},"end":{"line":7,"column":43}},"7":{"start":{"line":8,"column":12},"end":{"line":8,"column":33}},"8":{"start":{"line":9,"column":15},"end":{"line":9,"column":36}},"9":{"start":{"line":10,"column":15},"end":{"line":10,"column":43}},"10":{"start":{"line":11,"column":22},"end":{"line":11,"column":41}},"11":{"start":{"line":13,"column":0},"end":{"line":13,"column":49}},"12":{"start":{"line":14,"column":0},"end":{"line":14,"column":24}},"13":{"start":{"line":15,"column":0},"end":{"line":15,"column":24}},"14":{"start":{"line":18,"column":0},"end":{"line":21,"column":42}},"15":{"start":{"line":20,"column":17},"end":{"line":20,"column":49}},"16":{"start":{"line":21,"column":20},"end":{"line":21,"column":40}},"17":{"start":{"line":23,"column":0},"end":{"line":23,"column":16}},"18":{"start":{"line":26,"column":0},"end":{"line":28,"column":3}},"19":{"start":{"line":31,"column":0},"end":{"line":39,"column":4}},"20":{"start":{"line":41,"column":0},"end":{"line":41,"column":21}}},"fnMap":{"0":{"name":"(anonymous_0)","decl":{"start":{"line":20,"column":8},"end":{"line":20,"column":9}},"loc":{"start":{"line":20,"column":17},"end":{"line":20,"column":49}},"line":20},"1":{"name":"(anonymous_1)","decl":{"start":{"line":21,"column":9},"end":{"line":21,"column":10}},"loc":{"start":{"line":21,"column":20},"end":{"line":21,"column":40}},"line":21},"2":{"name":"(anonymous_2)","decl":{"start":{"line":26,"column":37},"end":{"line":26,"column":38}},"loc":{"start":{"line":26,"column":47},"end":{"line":28,"column":1}},"line":26}},"branchMap":{"0":{"loc":{"start":{"line":26,"column":11},"end":{"line":26,"column":35}},"type":"binary-expr","locations":[{"start":{"line":26,"column":11},"end":{"line":26,"column":27}},{"start":{"line":26,"column":31},"end":{"line":26,"column":35}}],"line":26}},"s":{"0":1,"1":1,"2":1,"3":1,"4":1,"5":1,"6":1,"7":1,"8":1,"9":1,"10":1,"11":1,"12":1,"13":1,"14":1,"15":1,"16":0,"17":1,"18":1,"19":1,"20":1},"f":{"0":1,"1":0,"2":1},"b":{"0":[1,0]},"_coverageSchema":"1a1c01bbd47fc00a2c39e90264f33305004495a9","hash":"2cface3ee63813016777c507b382879b50c5ec72"}
,"/Users/starkov/STIN_2023/controllers/controller.js": {"path":"/Users/starkov/STIN_2023/controllers/controller.js","statementMap":{"0":{"start":{"line":1,"column":19},"end":{"line":1,"column":52}},"1":{"start":{"line":2,"column":13},"end":{"line":2,"column":38}},"2":{"start":{"line":3,"column":16},"end":{"line":3,"column":44}},"3":{"start":{"line":4,"column":16},"end":{"line":4,"column":44}},"4":{"start":{"line":5,"column":17},"end":{"line":5,"column":46}},"5":{"start":{"line":6,"column":15},"end":{"line":6,"column":34}},"6":{"start":{"line":7,"column":18},"end":{"line":7,"column":38}},"7":{"start":{"line":8,"column":17},"end":{"line":8,"column":38}},"8":{"start":{"line":9,"column":28},"end":{"line":9,"column":48}},"9":{"start":{"line":10,"column":32},"end":{"line":10,"column":62}},"10":{"start":{"line":11,"column":32},"end":{"line":11,"column":58}},"11":{"start":{"line":13,"column":16},"end":{"line":13,"column":18}},"12":{"start":{"line":16,"column":21},"end":{"line":28,"column":1}},"13":{"start":{"line":17,"column":2},"end":{"line":27,"column":3}},"14":{"start":{"line":18,"column":20},"end":{"line":18,"column":31}},"15":{"start":{"line":19,"column":18},"end":{"line":19,"column":29}},"16":{"start":{"line":20,"column":17},"end":{"line":20,"column":55}},"17":{"start":{"line":21,"column":21},"end":{"line":21,"column":62}},"18":{"start":{"line":22,"column":21},"end":{"line":22,"column":62}},"19":{"start":{"line":23,"column":4},"end":{"line":23,"column":79}},"20":{"start":{"line":25,"column":4},"end":{"line":25,"column":25}},"21":{"start":{"line":26,"column":4},"end":{"line":26,"column":56}},"22":{"start":{"line":31,"column":22},"end":{"line":130,"column":1}},"23":{"start":{"line":32,"column":2},"end":{"line":32,"column":34}},"24":{"start":{"line":33,"column":24},"end":{"line":33,"column":32}},"25":{"start":{"line":35,"column":14},"end":{"line":35,"column":60}},"26":{"start":{"line":38,"column":19},"end":{"line":38,"column":42}},"27":{"start":{"line":40,"column":2},"end":{"line":44,"column":3}},"28":{"start":{"line":42,"column":4},"end":{"line":42,"column":46}},"29":{"start":{"line":43,"column":4},"end":{"line":43,"column":29}},"30":{"start":{"line":46,"column":24},"end":{"line":48,"column":4}},"31":{"start":{"line":47,"column":4},"end":{"line":47,"column":21}},"32":{"start":{"line":51,"column":24},"end":{"line":51,"column":91}},"33":{"start":{"line":53,"column":2},"end":{"line":53,"column":41}},"34":{"start":{"line":56,"column":2},"end":{"line":128,"column":3}},"35":{"start":{"line":58,"column":25},"end":{"line":58,"column":95}},"36":{"start":{"line":60,"column":18},"end":{"line":64,"column":5}},"37":{"start":{"line":67,"column":4},"end":{"line":85,"column":5}},"38":{"start":{"line":68,"column":6},"end":{"line":68,"column":49}},"39":{"start":{"line":69,"column":6},"end":{"line":69,"column":33}},"40":{"start":{"line":70,"column":6},"end":{"line":70,"column":28}},"41":{"start":{"line":72,"column":6},"end":{"line":72,"column":41}},"42":{"start":{"line":75,"column":27},"end":{"line":75,"column":87}},"43":{"start":{"line":77,"column":26},"end":{"line":77,"column":70}},"44":{"start":{"line":78,"column":6},"end":{"line":84,"column":7}},"45":{"start":{"line":79,"column":8},"end":{"line":79,"column":105}},"46":{"start":{"line":80,"column":8},"end":{"line":80,"column":51}},"47":{"start":{"line":82,"column":8},"end":{"line":82,"column":77}},"48":{"start":{"line":83,"column":8},"end":{"line":83,"column":33}},"49":{"start":{"line":88,"column":4},"end":{"line":88,"column":34}},"50":{"start":{"line":89,"column":4},"end":{"line":89,"column":120}},"51":{"start":{"line":90,"column":4},"end":{"line":90,"column":51}},"52":{"start":{"line":94,"column":18},"end":{"line":98,"column":5}},"53":{"start":{"line":99,"column":25},"end":{"line":99,"column":96}},"54":{"start":{"line":100,"column":21},"end":{"line":100,"column":70}},"55":{"start":{"line":102,"column":4},"end":{"line":127,"column":5}},"56":{"start":{"line":103,"column":6},"end":{"line":103,"column":49}},"57":{"start":{"line":104,"column":6},"end":{"line":104,"column":33}},"58":{"start":{"line":105,"column":6},"end":{"line":105,"column":28}},"59":{"start":{"line":106,"column":6},"end":{"line":106,"column":49}},"60":{"start":{"line":107,"column":6},"end":{"line":107,"column":41}},"61":{"start":{"line":108,"column":6},"end":{"line":108,"column":36}},"62":{"start":{"line":110,"column":6},"end":{"line":110,"column":122}},"63":{"start":{"line":113,"column":27},"end":{"line":113,"column":87}},"64":{"start":{"line":114,"column":24},"end":{"line":114,"column":87}},"65":{"start":{"line":115,"column":6},"end":{"line":117,"column":7}},"66":{"start":{"line":116,"column":8},"end":{"line":116,"column":139}},"67":{"start":{"line":118,"column":6},"end":{"line":118,"column":87}},"68":{"start":{"line":119,"column":6},"end":{"line":119,"column":49}},"69":{"start":{"line":120,"column":6},"end":{"line":120,"column":60}},"70":{"start":{"line":121,"column":6},"end":{"line":121,"column":31}},"71":{"start":{"line":122,"column":6},"end":{"line":122,"column":31}},"72":{"start":{"line":123,"column":6},"end":{"line":123,"column":36}},"73":{"start":{"line":125,"column":6},"end":{"line":125,"column":119}},"74":{"start":{"line":126,"column":6},"end":{"line":126,"column":78}},"75":{"start":{"line":129,"column":2},"end":{"line":129,"column":20}},"76":{"start":{"line":134,"column":17},"end":{"line":138,"column":1}},"77":{"start":{"line":135,"column":2},"end":{"line":135,"column":27}},"78":{"start":{"line":136,"column":16},"end":{"line":136,"column":23}},"79":{"start":{"line":137,"column":2},"end":{"line":137,"column":44}},"80":{"start":{"line":141,"column":18},"end":{"line":158,"column":1}},"81":{"start":{"line":142,"column":31},"end":{"line":142,"column":39}},"82":{"start":{"line":143,"column":2},"end":{"line":157,"column":3}},"83":{"start":{"line":144,"column":16},"end":{"line":144,"column":56}},"84":{"start":{"line":145,"column":26},"end":{"line":145,"column":69}},"85":{"start":{"line":146,"column":4},"end":{"line":148,"column":5}},"86":{"start":{"line":147,"column":6},"end":{"line":147,"column":108}},"87":{"start":{"line":149,"column":18},"end":{"line":149,"column":57}},"88":{"start":{"line":150,"column":4},"end":{"line":152,"column":7}},"89":{"start":{"line":154,"column":4},"end":{"line":154,"column":45}},"90":{"start":{"line":156,"column":4},"end":{"line":156,"column":106}},"91":{"start":{"line":161,"column":28},"end":{"line":190,"column":1}},"92":{"start":{"line":162,"column":16},"end":{"line":162,"column":34}},"93":{"start":{"line":165,"column":20},"end":{"line":171,"column":4}},"94":{"start":{"line":173,"column":2},"end":{"line":173,"column":69}},"95":{"start":{"line":176,"column":20},"end":{"line":181,"column":3}},"96":{"start":{"line":182,"column":2},"end":{"line":188,"column":5}},"97":{"start":{"line":183,"column":4},"end":{"line":187,"column":5}},"98":{"start":{"line":184,"column":6},"end":{"line":184,"column":25}},"99":{"start":{"line":186,"column":6},"end":{"line":186,"column":50}},"100":{"start":{"line":189,"column":2},"end":{"line":189,"column":55}},"101":{"start":{"line":193,"column":29},"end":{"line":200,"column":1}},"102":{"start":{"line":194,"column":17},"end":{"line":194,"column":25}},"103":{"start":{"line":195,"column":2},"end":{"line":199,"column":3}},"104":{"start":{"line":196,"column":4},"end":{"line":196,"column":29}},"105":{"start":{"line":198,"column":4},"end":{"line":198,"column":115}},"106":{"start":{"line":203,"column":0},"end":{"line":211,"column":1}}},"fnMap":{"0":{"name":"(anonymous_0)","decl":{"start":{"line":16,"column":21},"end":{"line":16,"column":22}},"loc":{"start":{"line":16,"column":41},"end":{"line":28,"column":1}},"line":16},"1":{"name":"(anonymous_1)","decl":{"start":{"line":31,"column":22},"end":{"line":31,"column":23}},"loc":{"start":{"line":31,"column":42},"end":{"line":130,"column":1}},"line":31},"2":{"name":"(anonymous_2)","decl":{"start":{"line":46,"column":39},"end":{"line":46,"column":40}},"loc":{"start":{"line":46,"column":54},"end":{"line":48,"column":3}},"line":46},"3":{"name":"(anonymous_3)","decl":{"start":{"line":134,"column":17},"end":{"line":134,"column":18}},"loc":{"start":{"line":134,"column":31},"end":{"line":138,"column":1}},"line":134},"4":{"name":"(anonymous_4)","decl":{"start":{"line":141,"column":18},"end":{"line":141,"column":19}},"loc":{"start":{"line":141,"column":38},"end":{"line":158,"column":1}},"line":141},"5":{"name":"(anonymous_5)","decl":{"start":{"line":161,"column":28},"end":{"line":161,"column":29}},"loc":{"start":{"line":161,"column":42},"end":{"line":190,"column":1}},"line":161},"6":{"name":"(anonymous_6)","decl":{"start":{"line":182,"column":36},"end":{"line":182,"column":37}},"loc":{"start":{"line":182,"column":57},"end":{"line":188,"column":3}},"line":182},"7":{"name":"(anonymous_7)","decl":{"start":{"line":193,"column":29},"end":{"line":193,"column":30}},"loc":{"start":{"line":193,"column":49},"end":{"line":200,"column":1}},"line":193}},"branchMap":{"0":{"loc":{"start":{"line":40,"column":2},"end":{"line":44,"column":3}},"type":"if","locations":[{"start":{"line":40,"column":2},"end":{"line":44,"column":3}},{"start":{},"end":{}}],"line":40},"1":{"loc":{"start":{"line":56,"column":2},"end":{"line":128,"column":3}},"type":"if","locations":[{"start":{"line":56,"column":2},"end":{"line":128,"column":3}},{"start":{"line":91,"column":8},"end":{"line":128,"column":3}}],"line":56},"2":{"loc":{"start":{"line":67,"column":4},"end":{"line":85,"column":5}},"type":"if","locations":[{"start":{"line":67,"column":4},"end":{"line":85,"column":5}},{"start":{"line":73,"column":10},"end":{"line":85,"column":5}}],"line":67},"3":{"loc":{"start":{"line":67,"column":8},"end":{"line":67,"column":52}},"type":"binary-expr","locations":[{"start":{"line":67,"column":8},"end":{"line":67,"column":22}},{"start":{"line":67,"column":26},"end":{"line":67,"column":52}}],"line":67},"4":{"loc":{"start":{"line":78,"column":6},"end":{"line":84,"column":7}},"type":"if","locations":[{"start":{"line":78,"column":6},"end":{"line":84,"column":7}},{"start":{},"end":{}}],"line":78},"5":{"loc":{"start":{"line":78,"column":9},"end":{"line":78,"column":88}},"type":"binary-expr","locations":[{"start":{"line":78,"column":9},"end":{"line":78,"column":22}},{"start":{"line":78,"column":26},"end":{"line":78,"column":53}},{"start":{"line":78,"column":57},"end":{"line":78,"column":88}}],"line":78},"6":{"loc":{"start":{"line":102,"column":4},"end":{"line":127,"column":5}},"type":"if","locations":[{"start":{"line":102,"column":4},"end":{"line":127,"column":5}},{"start":{"line":111,"column":10},"end":{"line":127,"column":5}}],"line":102},"7":{"loc":{"start":{"line":102,"column":8},"end":{"line":102,"column":72}},"type":"binary-expr","locations":[{"start":{"line":102,"column":8},"end":{"line":102,"column":34}},{"start":{"line":102,"column":38},"end":{"line":102,"column":72}}],"line":102},"8":{"loc":{"start":{"line":115,"column":6},"end":{"line":117,"column":7}},"type":"if","locations":[{"start":{"line":115,"column":6},"end":{"line":117,"column":7}},{"start":{},"end":{}}],"line":115},"9":{"loc":{"start":{"line":146,"column":4},"end":{"line":148,"column":5}},"type":"if","locations":[{"start":{"line":146,"column":4},"end":{"line":148,"column":5}},{"start":{},"end":{}}],"line":146},"10":{"loc":{"start":{"line":183,"column":4},"end":{"line":187,"column":5}},"type":"if","locations":[{"start":{"line":183,"column":4},"end":{"line":187,"column":5}},{"start":{"line":185,"column":11},"end":{"line":187,"column":5}}],"line":183},"11":{"loc":{"start":{"line":195,"column":2},"end":{"line":199,"column":3}},"type":"if","locations":[{"start":{"line":195,"column":2},"end":{"line":199,"column":3}},{"start":{"line":197,"column":9},"end":{"line":199,"column":3}}],"line":195}},"s":{"0":2,"1":2,"2":2,"3":2,"4":2,"5":2,"6":2,"7":2,"8":2,"9":2,"10":2,"11":2,"12":2,"13":1,"14":1,"15":1,"16":1,"17":0,"18":0,"19":0,"20":1,"21":1,"22":2,"23":0,"24":0,"25":0,"26":0,"27":0,"28":0,"29":0,"30":0,"31":0,"32":0,"33":0,"34":0,"35":0,"36":0,"37":0,"38":0,"39":0,"40":0,"41":0,"42":0,"43":0,"44":0,"45":0,"46":0,"47":0,"48":0,"49":0,"50":0,"51":0,"52":0,"53":0,"54":0,"55":0,"56":0,"57":0,"58":0,"59":0,"60":0,"61":0,"62":0,"63":0,"64":0,"65":0,"66":0,"67":0,"68":0,"69":0,"70":0,"71":0,"72":0,"73":0,"74":0,"75":0,"76":2,"77":2,"78":2,"79":2,"80":2,"81":2,"82":2,"83":2,"84":2,"85":1,"86":0,"87":1,"88":1,"89":1,"90":1,"91":2,"92":1,"93":1,"94":1,"95":1,"96":1,"97":1,"98":0,"99":1,"100":1,"101":2,"102":1,"103":1,"104":0,"105":1,"106":2},"f":{"0":1,"1":0,"2":0,"3":2,"4":2,"5":1,"6":1,"7":1},"b":{"0":[0,0],"1":[0,0],"2":[0,0],"3":[0,0],"4":[0,0],"5":[0,0,0],"6":[0,0],"7":[0,0],"8":[0,0],"9":[0,1],"10":[0,1],"11":[0,1]},"_coverageSchema":"1a1c01bbd47fc00a2c39e90264f33305004495a9","hash":"46ccb9cbccb8479f26bf9b6dcdcdcab78eb4a0f0"}
,"/Users/starkov/STIN_2023/helpers/auth.js": {"path":"/Users/starkov/STIN_2023/helpers/auth.js","statementMap":{"0":{"start":{"line":1,"column":12},"end":{"line":1,"column":35}},"1":{"start":{"line":4,"column":28},"end":{"line":10,"column":1}},"2":{"start":{"line":5,"column":18},"end":{"line":8,"column":3}},"3":{"start":{"line":9,"column":2},"end":{"line":9,"column":66}},"4":{"start":{"line":12,"column":0},"end":{"line":14,"column":1}}},"fnMap":{"0":{"name":"(anonymous_0)","decl":{"start":{"line":4,"column":28},"end":{"line":4,"column":29}},"loc":{"start":{"line":4,"column":46},"end":{"line":10,"column":1}},"line":4}},"branchMap":{},"s":{"0":3,"1":3,"2":3,"3":3,"4":3},"f":{"0":3},"b":{},"_coverageSchema":"1a1c01bbd47fc00a2c39e90264f33305004495a9","hash":"1f10317f74debc0d98893918dc241ecbde841625"}
,"/Users/starkov/STIN_2023/helpers/create-path.js": {"path":"/Users/starkov/STIN_2023/helpers/create-path.js","statementMap":{"0":{"start":{"line":1,"column":13},"end":{"line":1,"column":28}},"1":{"start":{"line":3,"column":19},"end":{"line":3,"column":79}},"2":{"start":{"line":3,"column":29},"end":{"line":3,"column":79}},"3":{"start":{"line":5,"column":0},"end":{"line":5,"column":28}}},"fnMap":{"0":{"name":"(anonymous_0)","decl":{"start":{"line":3,"column":19},"end":{"line":3,"column":20}},"loc":{"start":{"line":3,"column":29},"end":{"line":3,"column":79}},"line":3}},"branchMap":{},"s":{"0":2,"1":2,"2":6,"3":2},"f":{"0":6},"b":{},"_coverageSchema":"1a1c01bbd47fc00a2c39e90264f33305004495a9","hash":"c763db81f18585f5f7dd8fe3f4a5afc4199a19af"}
,"/Users/starkov/STIN_2023/helpers/currency.js": {"path":"/Users/starkov/STIN_2023/helpers/currency.js","statementMap":{"0":{"start":{"line":1,"column":14},"end":{"line":1,"column":30}},"1":{"start":{"line":2,"column":17},"end":{"line":2,"column":41}},"2":{"start":{"line":3,"column":22},"end":{"line":3,"column":41}},"3":{"start":{"line":4,"column":17},"end":{"line":4,"column":46}},"4":{"start":{"line":7,"column":16},"end":{"line":7,"column":32}},"5":{"start":{"line":8,"column":20},"end":{"line":8,"column":51}},"6":{"start":{"line":10,"column":15},"end":{"line":10,"column":27}},"7":{"start":{"line":11,"column":16},"end":{"line":11,"column":18}},"8":{"start":{"line":13,"column":2},"end":{"line":25,"column":3}},"9":{"start":{"line":13,"column":15},"end":{"line":13,"column":16}},"10":{"start":{"line":14,"column":17},"end":{"line":14,"column":32}},"11":{"start":{"line":16,"column":4},"end":{"line":18,"column":5}},"12":{"start":{"line":17,"column":6},"end":{"line":17,"column":15}},"13":{"start":{"line":20,"column":17},"end":{"line":20,"column":32}},"14":{"start":{"line":22,"column":4},"end":{"line":24,"column":5}},"15":{"start":{"line":23,"column":6},"end":{"line":23,"column":23}},"16":{"start":{"line":27,"column":2},"end":{"line":30,"column":4}},"17":{"start":{"line":34,"column":52},"end":{"line":34,"column":67}},"18":{"start":{"line":36,"column":2},"end":{"line":38,"column":3}},"19":{"start":{"line":37,"column":4},"end":{"line":37,"column":16}},"20":{"start":{"line":40,"column":2},"end":{"line":44,"column":4}},"21":{"start":{"line":48,"column":16},"end":{"line":48,"column":26}},"22":{"start":{"line":49,"column":25},"end":{"line":49,"column":41}},"23":{"start":{"line":50,"column":19},"end":{"line":50,"column":37}},"24":{"start":{"line":51,"column":20},"end":{"line":51,"column":45}},"25":{"start":{"line":52,"column":19},"end":{"line":52,"column":71}},"26":{"start":{"line":55,"column":2},"end":{"line":62,"column":3}},"27":{"start":{"line":56,"column":31},"end":{"line":56,"column":55}},"28":{"start":{"line":57,"column":23},"end":{"line":57,"column":48}},"29":{"start":{"line":58,"column":4},"end":{"line":61,"column":5}},"30":{"start":{"line":59,"column":6},"end":{"line":59,"column":56}},"31":{"start":{"line":60,"column":6},"end":{"line":60,"column":13}},"32":{"start":{"line":64,"column":2},"end":{"line":67,"column":3}},"33":{"start":{"line":65,"column":4},"end":{"line":65,"column":85}},"34":{"start":{"line":66,"column":4},"end":{"line":66,"column":11}},"35":{"start":{"line":68,"column":24},"end":{"line":68,"column":91}},"36":{"start":{"line":70,"column":2},"end":{"line":95,"column":3}},"37":{"start":{"line":71,"column":21},"end":{"line":71,"column":169}},"38":{"start":{"line":72,"column":40},"end":{"line":72,"column":73}},"39":{"start":{"line":73,"column":4},"end":{"line":76,"column":5}},"40":{"start":{"line":74,"column":6},"end":{"line":74,"column":70}},"41":{"start":{"line":75,"column":6},"end":{"line":75,"column":13}},"42":{"start":{"line":79,"column":4},"end":{"line":82,"column":5}},"43":{"start":{"line":80,"column":6},"end":{"line":80,"column":61}},"44":{"start":{"line":81,"column":6},"end":{"line":81,"column":13}},"45":{"start":{"line":83,"column":25},"end":{"line":83,"column":39}},"46":{"start":{"line":84,"column":4},"end":{"line":84,"column":34}},"47":{"start":{"line":85,"column":23},"end":{"line":90,"column":7}},"48":{"start":{"line":85,"column":49},"end":{"line":90,"column":5}},"49":{"start":{"line":91,"column":4},"end":{"line":91,"column":38}},"50":{"start":{"line":92,"column":4},"end":{"line":92,"column":79}},"51":{"start":{"line":94,"column":4},"end":{"line":94,"column":59}},"52":{"start":{"line":98,"column":0},"end":{"line":102,"column":2}}},"fnMap":{"0":{"name":"parseCurrencyRates","decl":{"start":{"line":6,"column":9},"end":{"line":6,"column":27}},"loc":{"start":{"line":6,"column":34},"end":{"line":31,"column":1}},"line":6},"1":{"name":"parseLine","decl":{"start":{"line":33,"column":9},"end":{"line":33,"column":18}},"loc":{"start":{"line":33,"column":25},"end":{"line":45,"column":1}},"line":33},"2":{"name":"updateCurrencyRates","decl":{"start":{"line":47,"column":15},"end":{"line":47,"column":34}},"loc":{"start":{"line":47,"column":37},"end":{"line":96,"column":1}},"line":47},"3":{"name":"(anonymous_3)","decl":{"start":{"line":85,"column":40},"end":{"line":85,"column":41}},"loc":{"start":{"line":85,"column":49},"end":{"line":90,"column":5}},"line":85}},"branchMap":{"0":{"loc":{"start":{"line":16,"column":4},"end":{"line":18,"column":5}},"type":"if","locations":[{"start":{"line":16,"column":4},"end":{"line":18,"column":5}},{"start":{},"end":{}}],"line":16},"1":{"loc":{"start":{"line":22,"column":4},"end":{"line":24,"column":5}},"type":"if","locations":[{"start":{"line":22,"column":4},"end":{"line":24,"column":5}},{"start":{},"end":{}}],"line":22},"2":{"loc":{"start":{"line":36,"column":2},"end":{"line":38,"column":3}},"type":"if","locations":[{"start":{"line":36,"column":2},"end":{"line":38,"column":3}},{"start":{},"end":{}}],"line":36},"3":{"loc":{"start":{"line":55,"column":2},"end":{"line":62,"column":3}},"type":"if","locations":[{"start":{"line":55,"column":2},"end":{"line":62,"column":3}},{"start":{},"end":{}}],"line":55},"4":{"loc":{"start":{"line":58,"column":4},"end":{"line":61,"column":5}},"type":"if","locations":[{"start":{"line":58,"column":4},"end":{"line":61,"column":5}},{"start":{},"end":{}}],"line":58},"5":{"loc":{"start":{"line":58,"column":8},"end":{"line":58,"column":82}},"type":"binary-expr","locations":[{"start":{"line":58,"column":8},"end":{"line":58,"column":28}},{"start":{"line":58,"column":32},"end":{"line":58,"column":82}}],"line":58},"6":{"loc":{"start":{"line":64,"column":2},"end":{"line":67,"column":3}},"type":"if","locations":[{"start":{"line":64,"column":2},"end":{"line":67,"column":3}},{"start":{},"end":{}}],"line":64},"7":{"loc":{"start":{"line":64,"column":6},"end":{"line":64,"column":33}},"type":"binary-expr","locations":[{"start":{"line":64,"column":6},"end":{"line":64,"column":20}},{"start":{"line":64,"column":24},"end":{"line":64,"column":33}}],"line":64},"8":{"loc":{"start":{"line":73,"column":4},"end":{"line":76,"column":5}},"type":"if","locations":[{"start":{"line":73,"column":4},"end":{"line":76,"column":5}},{"start":{},"end":{}}],"line":73},"9":{"loc":{"start":{"line":79,"column":4},"end":{"line":82,"column":5}},"type":"if","locations":[{"start":{"line":79,"column":4},"end":{"line":82,"column":5}},{"start":{},"end":{}}],"line":79},"10":{"loc":{"start":{"line":79,"column":8},"end":{"line":79,"column":55}},"type":"binary-expr","locations":[{"start":{"line":79,"column":8},"end":{"line":79,"column":23}},{"start":{"line":79,"column":27},"end":{"line":79,"column":55}}],"line":79}},"s":{"0":3,"1":3,"2":3,"3":3,"4":1,"5":1,"6":1,"7":1,"8":1,"9":1,"10":4,"11":4,"12":0,"13":4,"14":4,"15":3,"16":1,"17":6,"18":6,"19":2,"20":4,"21":0,"22":0,"23":0,"24":0,"25":0,"26":0,"27":0,"28":0,"29":0,"30":0,"31":0,"32":0,"33":0,"34":0,"35":0,"36":0,"37":0,"38":0,"39":0,"40":0,"41":0,"42":0,"43":0,"44":0,"45":0,"46":0,"47":0,"48":0,"49":0,"50":0,"51":0,"52":3},"f":{"0":1,"1":6,"2":0,"3":0},"b":{"0":[0,4],"1":[3,1],"2":[2,4],"3":[0,0],"4":[0,0],"5":[0,0],"6":[0,0],"7":[0,0],"8":[0,0],"9":[0,0],"10":[0,0]},"_coverageSchema":"1a1c01bbd47fc00a2c39e90264f33305004495a9","hash":"79fa8cb630770498e5cd75b67bdef3e7991b49bd"}
,"/Users/starkov/STIN_2023/middleware/authMiddleware.js": {"path":"/Users/starkov/STIN_2023/middleware/authMiddleware.js","statementMap":{"0":{"start":{"line":1,"column":12},"end":{"line":1,"column":35}},"1":{"start":{"line":10,"column":0},"end":{"line":22,"column":2}},"2":{"start":{"line":11,"column":18},"end":{"line":11,"column":35}},"3":{"start":{"line":12,"column":4},"end":{"line":21,"column":7}},"4":{"start":{"line":13,"column":8},"end":{"line":20,"column":9}},"5":{"start":{"line":14,"column":12},"end":{"line":14,"column":37}},"6":{"start":{"line":15,"column":12},"end":{"line":15,"column":35}},"7":{"start":{"line":18,"column":12},"end":{"line":18,"column":41}},"8":{"start":{"line":19,"column":12},"end":{"line":19,"column":19}}},"fnMap":{"0":{"name":"(anonymous_0)","decl":{"start":{"line":10,"column":17},"end":{"line":10,"column":18}},"loc":{"start":{"line":10,"column":43},"end":{"line":22,"column":1}},"line":10},"1":{"name":"(anonymous_1)","decl":{"start":{"line":12,"column":55},"end":{"line":12,"column":56}},"loc":{"start":{"line":12,"column":83},"end":{"line":21,"column":5}},"line":12}},"branchMap":{"0":{"loc":{"start":{"line":13,"column":8},"end":{"line":20,"column":9}},"type":"if","locations":[{"start":{"line":13,"column":8},"end":{"line":20,"column":9}},{"start":{"line":17,"column":13},"end":{"line":20,"column":9}}],"line":13}},"s":{"0":2,"1":2,"2":2,"3":2,"4":2,"5":1,"6":1,"7":1,"8":1},"f":{"0":2,"1":2},"b":{"0":[1,1]},"_coverageSchema":"1a1c01bbd47fc00a2c39e90264f33305004495a9","hash":"d764bbf7a3a70111449d4c11ad742fe0f0319029"}
,"/Users/starkov/STIN_2023/models/account.js": {"path":"/Users/starkov/STIN_2023/models/account.js","statementMap":{"0":{"start":{"line":1,"column":17},"end":{"line":1,"column":36}},"1":{"start":{"line":3,"column":15},"end":{"line":3,"column":30}},"2":{"start":{"line":5,"column":22},"end":{"line":23,"column":2}},"3":{"start":{"line":25,"column":16},"end":{"line":25,"column":56}},"4":{"start":{"line":27,"column":0},"end":{"line":27,"column":25}}},"fnMap":{},"branchMap":{},"s":{"0":2,"1":2,"2":2,"3":2,"4":2},"f":{},"b":{},"_coverageSchema":"1a1c01bbd47fc00a2c39e90264f33305004495a9","hash":"2cea223d1e68d58220be647c63a0dce43f6621a0"}
,"/Users/starkov/STIN_2023/models/currency.js": {"path":"/Users/starkov/STIN_2023/models/currency.js","statementMap":{"0":{"start":{"line":1,"column":17},"end":{"line":1,"column":36}},"1":{"start":{"line":3,"column":15},"end":{"line":3,"column":30}},"2":{"start":{"line":5,"column":23},"end":{"line":23,"column":2}},"3":{"start":{"line":25,"column":17},"end":{"line":25,"column":59}},"4":{"start":{"line":27,"column":0},"end":{"line":27,"column":26}}},"fnMap":{},"branchMap":{},"s":{"0":3,"1":3,"2":3,"3":3,"4":3},"f":{},"b":{},"_coverageSchema":"1a1c01bbd47fc00a2c39e90264f33305004495a9","hash":"eaf5f1b050e429081383807badc0db1b6c40570b"}
,"/Users/starkov/STIN_2023/models/payment.js": {"path":"/Users/starkov/STIN_2023/models/payment.js","statementMap":{"0":{"start":{"line":1,"column":17},"end":{"line":1,"column":36}},"1":{"start":{"line":3,"column":15},"end":{"line":3,"column":30}},"2":{"start":{"line":5,"column":22},"end":{"line":34,"column":2}},"3":{"start":{"line":36,"column":16},"end":{"line":36,"column":56}},"4":{"start":{"line":38,"column":0},"end":{"line":38,"column":25}}},"fnMap":{},"branchMap":{},"s":{"0":2,"1":2,"2":2,"3":2,"4":2},"f":{},"b":{},"_coverageSchema":"1a1c01bbd47fc00a2c39e90264f33305004495a9","hash":"be34be5dd73904022c10961a5fb84030a6af6741"}
,"/Users/starkov/STIN_2023/models/user.js": {"path":"/Users/starkov/STIN_2023/models/user.js","statementMap":{"0":{"start":{"line":1,"column":17},"end":{"line":1,"column":36}},"1":{"start":{"line":3,"column":15},"end":{"line":3,"column":30}},"2":{"start":{"line":5,"column":19},"end":{"line":15,"column":2}},"3":{"start":{"line":17,"column":13},"end":{"line":17,"column":47}},"4":{"start":{"line":19,"column":0},"end":{"line":19,"column":22}}},"fnMap":{},"branchMap":{},"s":{"0":2,"1":2,"2":2,"3":2,"4":2},"f":{},"b":{},"_coverageSchema":"1a1c01bbd47fc00a2c39e90264f33305004495a9","hash":"3561bf06bf169d75b7b7d4e8d0e57782cd9c5909"}
,"/Users/starkov/STIN_2023/routes/route.js": {"path":"/Users/starkov/STIN_2023/routes/route.js","statementMap":{"0":{"start":{"line":1,"column":16},"end":{"line":1,"column":34}},"1":{"start":{"line":2,"column":23},"end":{"line":2,"column":62}},"2":{"start":{"line":3,"column":15},"end":{"line":3,"column":31}},"3":{"start":{"line":12,"column":4},"end":{"line":12,"column":40}},"4":{"start":{"line":15,"column":0},"end":{"line":15,"column":46}},"5":{"start":{"line":16,"column":0},"end":{"line":16,"column":48}},"6":{"start":{"line":17,"column":0},"end":{"line":17,"column":31}},"7":{"start":{"line":18,"column":0},"end":{"line":18,"column":33}},"8":{"start":{"line":19,"column":0},"end":{"line":19,"column":69}},"9":{"start":{"line":20,"column":0},"end":{"line":20,"column":71}},"10":{"start":{"line":22,"column":0},"end":{"line":22,"column":24}}},"fnMap":{},"branchMap":{},"s":{"0":1,"1":1,"2":1,"3":1,"4":1,"5":1,"6":1,"7":1,"8":1,"9":1,"10":1},"f":{},"b":{},"_coverageSchema":"1a1c01bbd47fc00a2c39e90264f33305004495a9","hash":"5d39c538ed965d6b70e0c829dd8e72b2c1b34954"}
}
