TN:
SF:config.js
FNF:0
FNH:0
DA:1,8
DA:2,8
DA:4,8
LF:3
LH:3
BRF:0
BRH:0
end_of_record
TN:
SF:server.js
FN:20,(anonymous_0)
FN:21,(anonymous_1)
FN:26,(anonymous_2)
FNF:3
FNH:1
FNDA:0,(anonymous_0)
FNDA:0,(anonymous_1)
FNDA:1,(anonymous_2)
DA:1,1
DA:2,1
DA:3,1
DA:4,1
DA:5,1
DA:6,1
DA:7,1
DA:8,1
DA:9,1
DA:10,1
DA:11,1
DA:13,1
DA:14,1
DA:15,1
DA:18,1
DA:20,0
DA:21,0
DA:23,1
DA:26,1
DA:31,1
DA:41,1
LF:21
LH:19
BRDA:26,0,0,1
BRDA:26,0,1,0
BRF:2
BRH:1
end_of_record
TN:
SF:controllers/controller.js
FN:16,(anonymous_0)
FN:28,(anonymous_1)
FN:43,(anonymous_2)
FN:58,(anonymous_3)
FN:146,(anonymous_4)
FN:153,(anonymous_5)
FN:173,(anonymous_6)
FN:206,(anonymous_7)
FN:216,parseCurrencyRates
FN:243,parseLine
FN:257,updateCurrencyRates
FN:294,(anonymous_11)
FNF:12
FNH:6
FNDA:2,(anonymous_0)
FNDA:0,(anonymous_1)
FNDA:0,(anonymous_2)
FNDA:0,(anonymous_3)
FNDA:2,(anonymous_4)
FNDA:0,(anonymous_5)
FNDA:1,(anonymous_6)
FNDA:0,(anonymous_7)
FNDA:1,parseCurrencyRates
FNDA:6,parseLine
FNDA:1,updateCurrencyRates
FNDA:0,(anonymous_11)
DA:1,8
DA:2,8
DA:3,8
DA:4,8
DA:5,8
DA:6,8
DA:7,8
DA:8,8
DA:9,8
DA:10,8
DA:11,8
DA:12,8
DA:13,8
DA:16,8
DA:17,2
DA:21,2
DA:24,8
DA:28,8
DA:29,0
DA:30,0
DA:31,0
DA:32,0
DA:33,0
DA:34,0
DA:35,0
DA:37,0
DA:38,0
DA:43,8
DA:44,0
DA:45,0
DA:47,0
DA:50,0
DA:52,0
DA:54,0
DA:55,0
DA:58,0
DA:59,0
DA:63,0
DA:65,0
DA:68,0
DA:70,0
DA:72,0
DA:79,0
DA:80,0
DA:81,0
DA:82,0
DA:84,0
DA:87,0
DA:89,0
DA:90,0
DA:91,0
DA:92,0
DA:94,0
DA:95,0
DA:100,0
DA:101,0
DA:102,0
DA:106,0
DA:111,0
DA:112,0
DA:114,0
DA:115,0
DA:116,0
DA:117,0
DA:118,0
DA:119,0
DA:120,0
DA:122,0
DA:125,0
DA:126,0
DA:127,0
DA:128,0
DA:130,0
DA:131,0
DA:132,0
DA:133,0
DA:134,0
DA:135,0
DA:137,0
DA:138,0
DA:141,0
DA:146,8
DA:147,2
DA:148,2
DA:149,2
DA:153,8
DA:154,0
DA:155,0
DA:156,0
DA:157,0
DA:158,0
DA:159,0
DA:161,0
DA:162,0
DA:166,0
DA:168,0
DA:173,8
DA:174,1
DA:187,1
DA:202,1
DA:206,8
DA:208,0
DA:209,0
DA:210,0
DA:212,0
DA:217,1
DA:218,1
DA:220,1
DA:221,1
DA:223,1
DA:224,4
DA:226,4
DA:227,0
DA:230,4
DA:232,4
DA:233,3
DA:237,1
DA:244,6
DA:246,6
DA:247,2
DA:250,4
DA:258,1
DA:259,1
DA:260,1
DA:261,1
DA:262,1
DA:264,0
DA:265,0
DA:266,0
DA:267,0
DA:268,0
DA:269,0
DA:273,0
DA:274,0
DA:275,0
DA:277,0
DA:279,0
DA:280,0
DA:281,0
DA:282,0
DA:283,0
DA:284,0
DA:288,0
DA:289,0
DA:290,0
DA:292,0
DA:293,0
DA:294,0
DA:300,0
DA:301,0
DA:303,0
DA:308,8
LF:152
LH:50
BRDA:52,0,0,0
BRDA:52,0,1,0
BRDA:68,1,0,0
BRDA:68,1,1,0
BRDA:79,2,0,0
BRDA:79,2,1,0
BRDA:90,3,0,0
BRDA:90,3,1,0
BRDA:90,4,0,0
BRDA:90,4,1,0
BRDA:114,5,0,0
BRDA:114,5,1,0
BRDA:114,6,0,0
BRDA:114,6,1,0
BRDA:127,7,0,0
BRDA:127,7,1,0
BRDA:158,8,0,0
BRDA:158,8,1,0
BRDA:209,9,0,0
BRDA:209,9,1,0
BRDA:226,10,0,0
BRDA:226,10,1,4
BRDA:232,11,0,3
BRDA:232,11,1,1
BRDA:246,12,0,2
BRDA:246,12,1,4
BRDA:264,13,0,0
BRDA:264,13,1,0
BRDA:267,14,0,0
BRDA:267,14,1,0
BRDA:267,15,0,0
BRDA:267,15,1,0
BRDA:273,16,0,0
BRDA:273,16,1,0
BRDA:273,17,0,0
BRDA:273,17,1,0
BRDA:282,18,0,0
BRDA:282,18,1,0
BRDA:288,19,0,0
BRDA:288,19,1,0
BRDA:288,20,0,0
BRDA:288,20,1,0
BRF:42
BRH:5
end_of_record
TN:
SF:helpers/create-path.js
FN:3,(anonymous_0)
FNF:1
FNH:1
FNDA:3,(anonymous_0)
DA:1,8
DA:3,8
DA:5,8
LF:3
LH:3
BRF:0
BRH:0
end_of_record
TN:
SF:middleware/authMiddleware.js
FN:10,(anonymous_0)
FN:12,(anonymous_1)
FNF:2
FNH:2
FNDA:2,(anonymous_0)
FNDA:2,(anonymous_1)
DA:1,2
DA:10,2
DA:11,2
DA:12,2
DA:13,2
DA:14,1
DA:15,1
DA:18,1
DA:19,1
LF:9
LH:9
BRDA:13,0,0,1
BRDA:13,0,1,1
BRF:2
BRH:2
end_of_record
TN:
SF:models/account.js
FNF:0
FNH:0
DA:1,8
DA:3,8
DA:5,8
DA:25,8
DA:27,8
LF:5
LH:5
BRF:0
BRH:0
end_of_record
TN:
SF:models/currency.js
FNF:0
FNH:0
DA:1,8
DA:3,8
DA:5,8
DA:25,8
DA:27,8
LF:5
LH:5
BRF:0
BRH:0
end_of_record
TN:
SF:models/payment.js
FNF:0
FNH:0
DA:1,8
DA:3,8
DA:5,8
DA:36,8
DA:38,8
LF:5
LH:5
BRF:0
BRH:0
end_of_record
TN:
SF:models/user.js
FNF:0
FNH:0
DA:1,8
DA:3,8
DA:5,8
DA:17,8
DA:19,8
LF:5
LH:5
BRF:0
BRH:0
end_of_record
TN:
SF:routes/route.js
FNF:0
FNH:0
DA:1,1
DA:2,1
DA:3,1
DA:12,1
DA:15,1
DA:16,1
DA:17,1
DA:18,1
DA:19,1
DA:20,1
DA:22,1
LF:11
LH:11
BRF:0
BRH:0
end_of_record
