TN:
SF:config.js
FNF:0
FNH:0
DA:1,3
DA:2,3
DA:4,3
LF:3
LH:3
BRF:0
BRH:0
end_of_record
TN:
SF:server.js
FN:20,(anonymous_0)
FN:21,(anonymous_1)
FN:26,(anonymous_2)
FNF:3
FNH:2
FNDA:1,(anonymous_0)
FNDA:0,(anonymous_1)
FNDA:1,(anonymous_2)
DA:1,1
DA:2,1
DA:3,1
DA:4,1
DA:5,1
DA:6,1
DA:7,1
DA:8,1
DA:9,1
DA:10,1
DA:11,1
DA:13,1
DA:14,1
DA:15,1
DA:18,1
DA:20,1
DA:21,0
DA:23,1
DA:26,1
DA:31,1
DA:41,1
LF:21
LH:20
BRDA:26,0,0,1
BRDA:26,0,1,0
BRF:2
BRH:1
end_of_record
TN:
SF:controllers/controller.js
FN:16,(anonymous_0)
FN:31,(anonymous_1)
FN:44,(anonymous_2)
FN:135,(anonymous_3)
FN:142,(anonymous_4)
FN:162,(anonymous_5)
FN:183,(anonymous_6)
FN:194,(anonymous_7)
FNF:8
FNH:8
FNDA:2,(anonymous_0)
FNDA:2,(anonymous_1)
FNDA:3,(anonymous_2)
FNDA:2,(anonymous_3)
FNDA:2,(anonymous_4)
FNDA:1,(anonymous_5)
FNDA:1,(anonymous_6)
FNDA:1,(anonymous_7)
DA:1,3
DA:2,3
DA:3,3
DA:4,3
DA:5,3
DA:6,3
DA:7,3
DA:8,3
DA:9,3
DA:10,3
DA:11,3
DA:13,3
DA:16,3
DA:17,2
DA:18,2
DA:19,2
DA:20,2
DA:21,0
DA:22,0
DA:23,0
DA:25,2
DA:26,2
DA:31,3
DA:32,2
DA:33,2
DA:35,2
DA:37,2
DA:38,2
DA:40,1
DA:41,1
DA:44,1
DA:45,3
DA:49,1
DA:52,1
DA:55,1
DA:57,1
DA:59,1
DA:66,1
DA:67,1
DA:68,1
DA:69,1
DA:71,1
DA:74,0
DA:76,0
DA:77,0
DA:78,0
DA:79,0
DA:81,0
DA:82,0
DA:87,1
DA:88,1
DA:89,1
DA:93,0
DA:98,0
DA:99,0
DA:101,0
DA:102,0
DA:103,0
DA:104,0
DA:105,0
DA:106,0
DA:107,0
DA:109,0
DA:112,0
DA:113,0
DA:114,0
DA:115,0
DA:116,0
DA:117,0
DA:119,0
DA:120,0
DA:121,0
DA:122,0
DA:123,0
DA:124,0
DA:126,0
DA:127,0
DA:130,1
DA:135,3
DA:136,2
DA:137,2
DA:138,2
DA:142,3
DA:143,2
DA:144,2
DA:145,2
DA:146,2
DA:147,1
DA:148,0
DA:150,1
DA:151,1
DA:155,1
DA:157,1
DA:162,3
DA:163,1
DA:166,1
DA:174,1
DA:177,1
DA:183,1
DA:184,1
DA:185,0
DA:187,1
DA:190,1
DA:194,3
DA:195,1
DA:196,1
DA:197,0
DA:199,1
DA:204,3
LF:109
LH:71
BRDA:38,0,0,1
BRDA:38,0,1,1
BRDA:55,1,0,1
BRDA:55,1,1,0
BRDA:66,2,0,1
BRDA:66,2,1,0
BRDA:66,3,0,1
BRDA:66,3,1,1
BRDA:77,4,0,0
BRDA:77,4,1,0
BRDA:77,5,0,0
BRDA:77,5,1,0
BRDA:77,5,2,0
BRDA:101,6,0,0
BRDA:101,6,1,0
BRDA:101,7,0,0
BRDA:101,7,1,0
BRDA:114,8,0,0
BRDA:114,8,1,0
BRDA:147,9,0,0
BRDA:147,9,1,1
BRDA:184,10,0,0
BRDA:184,10,1,1
BRDA:196,11,0,0
BRDA:196,11,1,1
BRF:25
BRH:9
end_of_record
TN:
SF:helpers/auth.js
FN:4,(anonymous_0)
FNF:1
FNH:1
FNDA:3,(anonymous_0)
DA:1,4
DA:4,4
DA:5,3
DA:9,3
DA:12,4
LF:5
LH:5
BRF:0
BRH:0
end_of_record
TN:
SF:helpers/create-path.js
FN:3,(anonymous_0)
FNF:1
FNH:1
FNDA:7,(anonymous_0)
DA:1,3
DA:3,7
DA:5,3
LF:3
LH:3
BRF:0
BRH:0
end_of_record
TN:
SF:helpers/currency.js
FN:6,parseCurrencyRates
FN:33,parseLine
FN:47,updateCurrencyRates
FN:92,(anonymous_3)
FNF:4
FNH:3
FNDA:1,parseCurrencyRates
FNDA:6,parseLine
FNDA:6,updateCurrencyRates
FNDA:0,(anonymous_3)
DA:1,4
DA:2,4
DA:3,4
DA:4,4
DA:7,1
DA:8,1
DA:10,1
DA:11,1
DA:13,1
DA:14,4
DA:16,4
DA:17,0
DA:20,4
DA:22,4
DA:23,3
DA:27,1
DA:34,6
DA:36,6
DA:37,2
DA:40,4
DA:48,6
DA:49,0
DA:50,0
DA:53,6
DA:54,6
DA:56,6
DA:57,6
DA:58,6
DA:61,6
DA:62,6
DA:63,6
DA:64,6
DA:65,2
DA:66,2
DA:71,4
DA:72,2
DA:73,2
DA:75,2
DA:77,2
DA:78,2
DA:79,0
DA:80,0
DA:81,0
DA:82,0
DA:86,0
DA:87,0
DA:88,0
DA:90,0
DA:91,0
DA:92,0
DA:98,0
DA:99,0
DA:101,0
DA:105,4
LF:54
LH:38
BRDA:16,0,0,0
BRDA:16,0,1,4
BRDA:22,1,0,3
BRDA:22,1,1,1
BRDA:36,2,0,2
BRDA:36,2,1,4
BRDA:48,3,0,0
BRDA:48,3,1,6
BRDA:61,4,0,6
BRDA:61,4,1,0
BRDA:64,5,0,2
BRDA:64,5,1,4
BRDA:64,6,0,6
BRDA:64,6,1,6
BRDA:71,7,0,2
BRDA:71,7,1,2
BRDA:71,8,0,4
BRDA:71,8,1,3
BRDA:80,9,0,0
BRDA:80,9,1,0
BRDA:86,10,0,0
BRDA:86,10,1,0
BRDA:86,11,0,0
BRDA:86,11,1,0
BRF:24
BRH:15
end_of_record
TN:
SF:middleware/authMiddleware.js
FN:10,(anonymous_0)
FN:12,(anonymous_1)
FNF:2
FNH:2
FNDA:2,(anonymous_0)
FNDA:2,(anonymous_1)
DA:1,2
DA:10,2
DA:11,2
DA:12,2
DA:13,2
DA:14,1
DA:15,1
DA:18,1
DA:19,1
LF:9
LH:9
BRDA:13,0,0,1
BRDA:13,0,1,1
BRF:2
BRH:2
end_of_record
TN:
SF:models/account.js
FNF:0
FNH:0
DA:1,3
DA:3,3
DA:5,3
DA:25,3
DA:27,3
LF:5
LH:5
BRF:0
BRH:0
end_of_record
TN:
SF:models/currency.js
FNF:0
FNH:0
DA:1,4
DA:3,4
DA:5,4
DA:26,4
DA:28,4
LF:5
LH:5
BRF:0
BRH:0
end_of_record
TN:
SF:models/payment.js
FNF:0
FNH:0
DA:1,3
DA:3,3
DA:5,3
DA:36,3
DA:38,3
LF:5
LH:5
BRF:0
BRH:0
end_of_record
TN:
SF:models/user.js
FNF:0
FNH:0
DA:1,3
DA:3,3
DA:5,3
DA:17,3
DA:19,3
LF:5
LH:5
BRF:0
BRH:0
end_of_record
TN:
SF:routes/route.js
FNF:0
FNH:0
DA:1,1
DA:2,1
DA:3,1
DA:12,1
DA:15,1
DA:16,1
DA:17,1
DA:18,1
DA:19,1
DA:20,1
DA:22,1
LF:11
LH:11
BRF:0
BRH:0
end_of_record
